[ 2014-11-14T21:24:24+08:00 ] 127.0.0.1 /bowen/index.php
INFO: [ app_begin ] --START--
INFO: Run ReadHtmlCache Behavior [ RunTime:0.000952s ]
INFO: [ app_begin ] --END-- [ RunTime:0.001115s ]
INFO: [ view_parse ] --START--
INFO: Run ParseTemplate Behavior [ RunTime:0.103929s ]
INFO: [ view_parse ] --END-- [ RunTime:0.104075s ]
INFO: [ view_filter ] --START--
INFO: Run ContentReplace Behavior [ RunTime:0.000753s ]
INFO: Run TokenBuild Behavior [ RunTime:0.000687s ]
INFO: Run WriteHtmlCache Behavior [ RunTime:0.000534s ]
INFO: Run ShowRuntime Behavior [ RunTime:0.000817s ]
INFO: [ view_filter ] --END-- [ RunTime:0.003102s ]
INFO: [ view_end ] --START--
INFO: Run ShowPageTrace Behavior [ RunTime:0.000896s ]
INFO: [ view_end ] --END-- [ RunTime:0.001009s ]

[ 2014-11-14T22:07:26+08:00 ] 127.0.0.1 /bowen/index.php/Factory/getProduct
INFO: [ route_check ] --START--
INFO: Run CheckRoute Behavior [ RunTime:0.001918s ]
INFO: [ route_check ] --END-- [ RunTime:0.002081s ]
INFO: [ app_begin ] --START--
INFO: Run ReadHtmlCache Behavior [ RunTime:0.001996s ]
INFO: [ app_begin ] --END-- [ RunTime:0.002265s ]
SQL: SHOW COLUMNS FROM `think_product_info` [ RunTime:0.035275s ]
ERR: Table 'distribution_manage_system.think_product_info' doesn't exist
 [ SQL语句 ] : SHOW COLUMNS FROM `think_product_info`
SQL: SELECT * FROM `think_product_info`  [ RunTime:0.000334s ]
ERR: Table 'distribution_manage_system.think_product_info' doesn't exist
 [ SQL语句 ] : SELECT * FROM `think_product_info` 

[ 2014-11-14T22:08:05+08:00 ] 127.0.0.1 /bowen/index.php/Factory/getProduct
INFO: [ route_check ] --START--
INFO: Run CheckRoute Behavior [ RunTime:0.001093s ]
INFO: [ route_check ] --END-- [ RunTime:0.001217s ]
INFO: [ app_begin ] --START--
INFO: Run ReadHtmlCache Behavior [ RunTime:0.001014s ]
INFO: [ app_begin ] --END-- [ RunTime:0.001118s ]
SQL: SHOW COLUMNS FROM `think_product_info` [ RunTime:0.003189s ]
ERR: Table 'distribution_manage_system.think_product_info' doesn't exist
 [ SQL语句 ] : SHOW COLUMNS FROM `think_product_info`
SQL: SELECT * FROM `think_product_info`  [ RunTime:0.000696s ]
ERR: Table 'distribution_manage_system.think_product_info' doesn't exist
 [ SQL语句 ] : SELECT * FROM `think_product_info` 

[ 2014-11-14T22:08:06+08:00 ] 127.0.0.1 /bowen/index.php/Factory/getProduct
INFO: [ route_check ] --START--
INFO: Run CheckRoute Behavior [ RunTime:0.001516s ]
INFO: [ route_check ] --END-- [ RunTime:0.001658s ]
INFO: [ app_begin ] --START--
INFO: Run ReadHtmlCache Behavior [ RunTime:0.001306s ]
INFO: [ app_begin ] --END-- [ RunTime:0.001437s ]
SQL: SHOW COLUMNS FROM `think_product_info` [ RunTime:0.022630s ]
ERR: Table 'distribution_manage_system.think_product_info' doesn't exist
 [ SQL语句 ] : SHOW COLUMNS FROM `think_product_info`
SQL: SELECT * FROM `think_product_info`  [ RunTime:0.000510s ]
ERR: Table 'distribution_manage_system.think_product_info' doesn't exist
 [ SQL语句 ] : SELECT * FROM `think_product_info` 

[ 2014-11-14T22:11:14+08:00 ] ERR: (ThinkException) Unknown database 'distribution_manag_system'
[ 2014-11-14T22:16:36+08:00 ] ERR: (ThinkException) Model:relation您所请求的方法不存在！
